CRITICAL - 2024-11-08 13:02:25 --> CodeIgniter\Cache\Exceptions\CacheException: Cache unable to write to "/home/shivam/www/myCodeIg/writable/cache/".
[Method: GET, Route: /]
in SYSTEMPATH/Cache/Handlers/FileHandler.php on line 68.
 1 SYSTEMPATH/Cache/Handlers/FileHandler.php(68): CodeIgniter\Cache\Exceptions\CacheException::forUnableToWrite()
 2 SYSTEMPATH/Cache/CacheFactory.php(67): CodeIgniter\Cache\Handlers\FileHandler->__construct()
 3 SYSTEMPATH/Config/Services.php(129): CodeIgniter\Cache\CacheFactory::getHandler()
 4 SYSTEMPATH/Config/BaseService.php(312): CodeIgniter\Config\Services::cache()
 5 SYSTEMPATH/Config/BaseService.php(251): CodeIgniter\Config\BaseService::__callStatic()
 6 SYSTEMPATH/Config/Services.php(124): CodeIgniter\Config\BaseService::getSharedInstance()
 7 SYSTEMPATH/Config/BaseService.php(321): CodeIgniter\Config\Services::cache()
 8 SYSTEMPATH/Config/BaseService.php(202): CodeIgniter\Config\BaseService::__callStatic()
 9 SYSTEMPATH/Config/Services.php(454): CodeIgniter\Config\BaseService::get()
10 SYSTEMPATH/Config/BaseService.php(312): CodeIgniter\Config\Services::responsecache()
11 SYSTEMPATH/Config/BaseService.php(251): CodeIgniter\Config\BaseService::__callStatic()
12 SYSTEMPATH/Config/Services.php(450): CodeIgniter\Config\BaseService::getSharedInstance()
13 SYSTEMPATH/Config/BaseService.php(321): CodeIgniter\Config\Services::responsecache()
14 SYSTEMPATH/CodeIgniter.php(179): CodeIgniter\Config\BaseService::__callStatic()
15 SYSTEMPATH/Config/Services.php(164): CodeIgniter\CodeIgniter->__construct()
16 SYSTEMPATH/Config/BaseService.php(321): CodeIgniter\Config\Services::codeigniter()
17 SYSTEMPATH/Config/BaseService.php(251): CodeIgniter\Config\BaseService::__callStatic()
18 SYSTEMPATH/Config/Services.php(159): CodeIgniter\Config\BaseService::getSharedInstance()
19 SYSTEMPATH/Boot.php(311): CodeIgniter\Config\Services::codeigniter()
20 SYSTEMPATH/Boot.php(66): CodeIgniter\Boot::initializeCodeIgniter()
21 FCPATH/index.php(56): CodeIgniter\Boot::bootWeb()
CRITICAL - 2024-11-08 13:02:26 --> CodeIgniter\Cache\Exceptions\CacheException: Cache unable to write to "/home/shivam/www/myCodeIg/writable/cache/".
[Method: GET, Route: /]
in SYSTEMPATH/Cache/Handlers/FileHandler.php on line 68.
 1 SYSTEMPATH/Cache/Handlers/FileHandler.php(68): CodeIgniter\Cache\Exceptions\CacheException::forUnableToWrite()
 2 SYSTEMPATH/Cache/CacheFactory.php(67): CodeIgniter\Cache\Handlers\FileHandler->__construct()
 3 SYSTEMPATH/Config/Services.php(129): CodeIgniter\Cache\CacheFactory::getHandler()
 4 SYSTEMPATH/Config/BaseService.php(312): CodeIgniter\Config\Services::cache()
 5 SYSTEMPATH/Config/BaseService.php(251): CodeIgniter\Config\BaseService::__callStatic()
 6 SYSTEMPATH/Config/Services.php(124): CodeIgniter\Config\BaseService::getSharedInstance()
 7 SYSTEMPATH/Config/BaseService.php(321): CodeIgniter\Config\Services::cache()
 8 SYSTEMPATH/Config/BaseService.php(202): CodeIgniter\Config\BaseService::__callStatic()
 9 SYSTEMPATH/Config/Services.php(454): CodeIgniter\Config\BaseService::get()
10 SYSTEMPATH/Config/BaseService.php(312): CodeIgniter\Config\Services::responsecache()
11 SYSTEMPATH/Config/BaseService.php(251): CodeIgniter\Config\BaseService::__callStatic()
12 SYSTEMPATH/Config/Services.php(450): CodeIgniter\Config\BaseService::getSharedInstance()
13 SYSTEMPATH/Config/BaseService.php(321): CodeIgniter\Config\Services::responsecache()
14 SYSTEMPATH/CodeIgniter.php(179): CodeIgniter\Config\BaseService::__callStatic()
15 SYSTEMPATH/Config/Services.php(164): CodeIgniter\CodeIgniter->__construct()
16 SYSTEMPATH/Config/BaseService.php(321): CodeIgniter\Config\Services::codeigniter()
17 SYSTEMPATH/Config/BaseService.php(251): CodeIgniter\Config\BaseService::__callStatic()
18 SYSTEMPATH/Config/Services.php(159): CodeIgniter\Config\BaseService::getSharedInstance()
19 SYSTEMPATH/Boot.php(311): CodeIgniter\Config\Services::codeigniter()
20 SYSTEMPATH/Boot.php(66): CodeIgniter\Boot::initializeCodeIgniter()
21 FCPATH/index.php(56): CodeIgniter\Boot::bootWeb()
