INFO - 2024-11-14 04:07:27 --> Session: Class initialized using 'CodeIgniter\Session\Handlers\FileHandler' driver.
INFO - 2024-11-14 04:07:27 --> Session: Class initialized using 'CodeIgniter\Session\Handlers\FileHandler' driver.
INFO - 2024-11-14 04:07:29 --> Session: Class initialized using 'CodeIgniter\Session\Handlers\FileHandler' driver.
INFO - 2024-11-14 04:07:30 --> Session: Class initialized using 'CodeIgniter\Session\Handlers\FileHandler' driver.
INFO - 2024-11-14 04:07:30 --> Session: Class initialized using 'CodeIgniter\Session\Handlers\FileHandler' driver.
INFO - 2024-11-14 04:07:57 --> Session: Class initialized using 'CodeIgniter\Session\Handlers\FileHandler' driver.
INFO - 2024-11-14 04:09:32 --> Session: Class initialized using 'CodeIgniter\Session\Handlers\FileHandler' driver.
INFO - 2024-11-14 04:09:33 --> Session: Class initialized using 'CodeIgniter\Session\Handlers\FileHandler' driver.
INFO - 2024-11-14 04:09:33 --> Session: Class initialized using 'CodeIgniter\Session\Handlers\FileHandler' driver.
INFO - 2024-11-14 04:09:37 --> Session: Class initialized using 'CodeIgniter\Session\Handlers\FileHandler' driver.
INFO - 2024-11-14 04:09:37 --> Session: Class initialized using 'CodeIgniter\Session\Handlers\FileHandler' driver.
INFO - 2024-11-14 04:09:37 --> Session: Class initialized using 'CodeIgniter\Session\Handlers\FileHandler' driver.
INFO - 2024-11-14 04:09:37 --> Session: Class initialized using 'CodeIgniter\Session\Handlers\FileHandler' driver.
INFO - 2024-11-14 04:09:38 --> Session: Class initialized using 'CodeIgniter\Session\Handlers\FileHandler' driver.
INFO - 2024-11-14 04:09:38 --> Session: Class initialized using 'CodeIgniter\Session\Handlers\FileHandler' driver.
INFO - 2024-11-14 04:09:47 --> Session: Class initialized using 'CodeIgniter\Session\Handlers\FileHandler' driver.
INFO - 2024-11-14 04:09:47 --> Session: Class initialized using 'CodeIgniter\Session\Handlers\FileHandler' driver.
INFO - 2024-11-14 04:09:47 --> Session: Class initialized using 'CodeIgniter\Session\Handlers\FileHandler' driver.
INFO - 2024-11-14 04:09:48 --> Session: Class initialized using 'CodeIgniter\Session\Handlers\FileHandler' driver.
INFO - 2024-11-14 04:09:48 --> Session: Class initialized using 'CodeIgniter\Session\Handlers\FileHandler' driver.
INFO - 2024-11-14 04:09:48 --> Session: Class initialized using 'CodeIgniter\Session\Handlers\FileHandler' driver.
INFO - 2024-11-14 04:09:48 --> Session: Class initialized using 'CodeIgniter\Session\Handlers\FileHandler' driver.
INFO - 2024-11-14 04:09:50 --> Session: Class initialized using 'CodeIgniter\Session\Handlers\FileHandler' driver.
INFO - 2024-11-14 04:09:51 --> Session: Class initialized using 'CodeIgniter\Session\Handlers\FileHandler' driver.
INFO - 2024-11-14 04:09:51 --> Session: Class initialized using 'CodeIgniter\Session\Handlers\FileHandler' driver.
INFO - 2024-11-14 04:09:56 --> Session: Class initialized using 'CodeIgniter\Session\Handlers\FileHandler' driver.
INFO - 2024-11-14 04:09:59 --> Session: Class initialized using 'CodeIgniter\Session\Handlers\FileHandler' driver.
INFO - 2024-11-14 04:10:00 --> Session: Class initialized using 'CodeIgniter\Session\Handlers\FileHandler' driver.
INFO - 2024-11-14 04:10:00 --> Session: Class initialized using 'CodeIgniter\Session\Handlers\FileHandler' driver.
INFO - 2024-11-14 04:10:06 --> Session: Class initialized using 'CodeIgniter\Session\Handlers\FileHandler' driver.
INFO - 2024-11-14 04:11:52 --> Session: Class initialized using 'CodeIgniter\Session\Handlers\FileHandler' driver.
INFO - 2024-11-14 04:11:53 --> Session: Class initialized using 'CodeIgniter\Session\Handlers\FileHandler' driver.
INFO - 2024-11-14 04:11:57 --> Session: Class initialized using 'CodeIgniter\Session\Handlers\FileHandler' driver.
INFO - 2024-11-14 04:11:57 --> Session: Class initialized using 'CodeIgniter\Session\Handlers\FileHandler' driver.
INFO - 2024-11-14 04:12:19 --> Session: Class initialized using 'CodeIgniter\Session\Handlers\FileHandler' driver.
INFO - 2024-11-14 04:12:20 --> Session: Class initialized using 'CodeIgniter\Session\Handlers\FileHandler' driver.
INFO - 2024-11-14 04:12:20 --> Session: Class initialized using 'CodeIgniter\Session\Handlers\FileHandler' driver.
INFO - 2024-11-14 04:12:20 --> Session: Class initialized using 'CodeIgniter\Session\Handlers\FileHandler' driver.
INFO - 2024-11-14 04:12:21 --> Session: Class initialized using 'CodeIgniter\Session\Handlers\FileHandler' driver.
INFO - 2024-11-14 04:12:22 --> Session: Class initialized using 'CodeIgniter\Session\Handlers\FileHandler' driver.
INFO - 2024-11-14 04:12:22 --> Session: Class initialized using 'CodeIgniter\Session\Handlers\FileHandler' driver.
INFO - 2024-11-14 04:12:35 --> Session: Class initialized using 'CodeIgniter\Session\Handlers\FileHandler' driver.
INFO - 2024-11-14 04:12:37 --> Session: Class initialized using 'CodeIgniter\Session\Handlers\FileHandler' driver.
INFO - 2024-11-14 04:12:38 --> Session: Class initialized using 'CodeIgniter\Session\Handlers\FileHandler' driver.
INFO - 2024-11-14 04:12:38 --> Session: Class initialized using 'CodeIgniter\Session\Handlers\FileHandler' driver.
INFO - 2024-11-14 04:15:27 --> Session: Class initialized using 'CodeIgniter\Session\Handlers\FileHandler' driver.
INFO - 2024-11-14 04:15:28 --> Session: Class initialized using 'CodeIgniter\Session\Handlers\FileHandler' driver.
INFO - 2024-11-14 04:15:29 --> Session: Class initialized using 'CodeIgniter\Session\Handlers\FileHandler' driver.
INFO - 2024-11-14 04:15:31 --> Session: Class initialized using 'CodeIgniter\Session\Handlers\FileHandler' driver.
INFO - 2024-11-14 04:15:32 --> Session: Class initialized using 'CodeIgniter\Session\Handlers\FileHandler' driver.
INFO - 2024-11-14 04:15:32 --> Session: Class initialized using 'CodeIgniter\Session\Handlers\FileHandler' driver.
INFO - 2024-11-14 04:18:17 --> Session: Class initialized using 'CodeIgniter\Session\Handlers\FileHandler' driver.
INFO - 2024-11-14 04:18:17 --> Session: Class initialized using 'CodeIgniter\Session\Handlers\FileHandler' driver.
INFO - 2024-11-14 04:18:17 --> Session: Class initialized using 'CodeIgniter\Session\Handlers\FileHandler' driver.
INFO - 2024-11-14 04:18:18 --> Session: Class initialized using 'CodeIgniter\Session\Handlers\FileHandler' driver.
INFO - 2024-11-14 04:18:20 --> Session: Class initialized using 'CodeIgniter\Session\Handlers\FileHandler' driver.
INFO - 2024-11-14 04:18:20 --> Session: Class initialized using 'CodeIgniter\Session\Handlers\FileHandler' driver.
INFO - 2024-11-14 04:19:34 --> Session: Class initialized using 'CodeIgniter\Session\Handlers\FileHandler' driver.
INFO - 2024-11-14 04:19:36 --> Session: Class initialized using 'CodeIgniter\Session\Handlers\FileHandler' driver.
INFO - 2024-11-14 04:19:37 --> Session: Class initialized using 'CodeIgniter\Session\Handlers\FileHandler' driver.
INFO - 2024-11-14 04:19:38 --> Session: Class initialized using 'CodeIgniter\Session\Handlers\FileHandler' driver.
INFO - 2024-11-14 04:19:38 --> Session: Class initialized using 'CodeIgniter\Session\Handlers\FileHandler' driver.
INFO - 2024-11-14 04:19:53 --> Session: Class initialized using 'CodeIgniter\Session\Handlers\FileHandler' driver.
INFO - 2024-11-14 04:19:54 --> Session: Class initialized using 'CodeIgniter\Session\Handlers\FileHandler' driver.
INFO - 2024-11-14 04:19:54 --> Session: Class initialized using 'CodeIgniter\Session\Handlers\FileHandler' driver.
INFO - 2024-11-14 04:20:03 --> Session: Class initialized using 'CodeIgniter\Session\Handlers\FileHandler' driver.
INFO - 2024-11-14 04:20:04 --> Session: Class initialized using 'CodeIgniter\Session\Handlers\FileHandler' driver.
INFO - 2024-11-14 04:20:04 --> Session: Class initialized using 'CodeIgniter\Session\Handlers\FileHandler' driver.
INFO - 2024-11-14 04:20:57 --> Session: Class initialized using 'CodeIgniter\Session\Handlers\FileHandler' driver.
INFO - 2024-11-14 04:21:01 --> Session: Class initialized using 'CodeIgniter\Session\Handlers\FileHandler' driver.
INFO - 2024-11-14 04:21:02 --> Session: Class initialized using 'CodeIgniter\Session\Handlers\FileHandler' driver.
INFO - 2024-11-14 04:21:02 --> Session: Class initialized using 'CodeIgniter\Session\Handlers\FileHandler' driver.
INFO - 2024-11-14 04:21:10 --> Session: Class initialized using 'CodeIgniter\Session\Handlers\FileHandler' driver.
INFO - 2024-11-14 04:21:16 --> Session: Class initialized using 'CodeIgniter\Session\Handlers\FileHandler' driver.
INFO - 2024-11-14 04:21:16 --> Session: Class initialized using 'CodeIgniter\Session\Handlers\FileHandler' driver.
INFO - 2024-11-14 04:21:25 --> Session: Class initialized using 'CodeIgniter\Session\Handlers\FileHandler' driver.
INFO - 2024-11-14 04:21:28 --> Session: Class initialized using 'CodeIgniter\Session\Handlers\FileHandler' driver.
INFO - 2024-11-14 04:21:28 --> Session: Class initialized using 'CodeIgniter\Session\Handlers\FileHandler' driver.
INFO - 2024-11-14 04:21:32 --> Session: Class initialized using 'CodeIgniter\Session\Handlers\FileHandler' driver.
INFO - 2024-11-14 04:21:34 --> Session: Class initialized using 'CodeIgniter\Session\Handlers\FileHandler' driver.
INFO - 2024-11-14 04:21:34 --> Session: Class initialized using 'CodeIgniter\Session\Handlers\FileHandler' driver.
INFO - 2024-11-14 04:24:40 --> Session: Class initialized using 'CodeIgniter\Session\Handlers\FileHandler' driver.
INFO - 2024-11-14 04:29:36 --> Session: Class initialized using 'CodeIgniter\Session\Handlers\FileHandler' driver.
INFO - 2024-11-14 04:29:37 --> Session: Class initialized using 'CodeIgniter\Session\Handlers\FileHandler' driver.
INFO - 2024-11-14 04:29:38 --> Session: Class initialized using 'CodeIgniter\Session\Handlers\FileHandler' driver.
INFO - 2024-11-14 04:29:38 --> Session: Class initialized using 'CodeIgniter\Session\Handlers\FileHandler' driver.
INFO - 2024-11-14 04:29:38 --> Session: Class initialized using 'CodeIgniter\Session\Handlers\FileHandler' driver.
INFO - 2024-11-14 04:29:38 --> Session: Class initialized using 'CodeIgniter\Session\Handlers\FileHandler' driver.
INFO - 2024-11-14 04:31:02 --> Session: Class initialized using 'CodeIgniter\Session\Handlers\FileHandler' driver.
INFO - 2024-11-14 04:31:08 --> Session: Class initialized using 'CodeIgniter\Session\Handlers\FileHandler' driver.
INFO - 2024-11-14 04:31:13 --> Session: Class initialized using 'CodeIgniter\Session\Handlers\FileHandler' driver.
INFO - 2024-11-14 04:31:13 --> Session: Class initialized using 'CodeIgniter\Session\Handlers\FileHandler' driver.
INFO - 2024-11-14 04:32:25 --> Session: Class initialized using 'CodeIgniter\Session\Handlers\FileHandler' driver.
INFO - 2024-11-14 04:34:35 --> Session: Class initialized using 'CodeIgniter\Session\Handlers\FileHandler' driver.
INFO - 2024-11-14 04:34:36 --> Session: Class initialized using 'CodeIgniter\Session\Handlers\FileHandler' driver.
INFO - 2024-11-14 04:34:36 --> Session: Class initialized using 'CodeIgniter\Session\Handlers\FileHandler' driver.
INFO - 2024-11-14 04:34:37 --> Session: Class initialized using 'CodeIgniter\Session\Handlers\FileHandler' driver.
INFO - 2024-11-14 04:34:37 --> Session: Class initialized using 'CodeIgniter\Session\Handlers\FileHandler' driver.
INFO - 2024-11-14 04:34:37 --> Session: Class initialized using 'CodeIgniter\Session\Handlers\FileHandler' driver.
INFO - 2024-11-14 04:34:37 --> Session: Class initialized using 'CodeIgniter\Session\Handlers\FileHandler' driver.
INFO - 2024-11-14 04:34:37 --> Session: Class initialized using 'CodeIgniter\Session\Handlers\FileHandler' driver.
INFO - 2024-11-14 04:34:38 --> Session: Class initialized using 'CodeIgniter\Session\Handlers\FileHandler' driver.
INFO - 2024-11-14 04:34:38 --> Session: Class initialized using 'CodeIgniter\Session\Handlers\FileHandler' driver.
INFO - 2024-11-14 04:34:38 --> Session: Class initialized using 'CodeIgniter\Session\Handlers\FileHandler' driver.
INFO - 2024-11-14 04:34:38 --> Session: Class initialized using 'CodeIgniter\Session\Handlers\FileHandler' driver.
INFO - 2024-11-14 04:34:41 --> Session: Class initialized using 'CodeIgniter\Session\Handlers\FileHandler' driver.
INFO - 2024-11-14 04:43:22 --> Session: Class initialized using 'CodeIgniter\Session\Handlers\FileHandler' driver.
INFO - 2024-11-14 04:43:40 --> Session: Class initialized using 'CodeIgniter\Session\Handlers\FileHandler' driver.
INFO - 2024-11-14 04:44:10 --> Session: Class initialized using 'CodeIgniter\Session\Handlers\FileHandler' driver.
INFO - 2024-11-14 04:44:28 --> Session: Class initialized using 'CodeIgniter\Session\Handlers\FileHandler' driver.
INFO - 2024-11-14 04:44:34 --> Session: Class initialized using 'CodeIgniter\Session\Handlers\FileHandler' driver.
INFO - 2024-11-14 04:45:57 --> Session: Class initialized using 'CodeIgniter\Session\Handlers\FileHandler' driver.
INFO - 2024-11-14 04:45:57 --> Session: Class initialized using 'CodeIgniter\Session\Handlers\FileHandler' driver.
INFO - 2024-11-14 04:46:00 --> Session: Class initialized using 'CodeIgniter\Session\Handlers\FileHandler' driver.
INFO - 2024-11-14 04:46:35 --> Session: Class initialized using 'CodeIgniter\Session\Handlers\FileHandler' driver.
INFO - 2024-11-14 04:46:36 --> Session: Class initialized using 'CodeIgniter\Session\Handlers\FileHandler' driver.
INFO - 2024-11-14 04:46:39 --> Session: Class initialized using 'CodeIgniter\Session\Handlers\FileHandler' driver.
INFO - 2024-11-14 04:47:08 --> Session: Class initialized using 'CodeIgniter\Session\Handlers\FileHandler' driver.
INFO - 2024-11-14 04:47:08 --> Session: Class initialized using 'CodeIgniter\Session\Handlers\FileHandler' driver.
INFO - 2024-11-14 04:47:14 --> Session: Class initialized using 'CodeIgniter\Session\Handlers\FileHandler' driver.
INFO - 2024-11-14 04:47:30 --> Session: Class initialized using 'CodeIgniter\Session\Handlers\FileHandler' driver.
INFO - 2024-11-14 04:47:30 --> Session: Class initialized using 'CodeIgniter\Session\Handlers\FileHandler' driver.
INFO - 2024-11-14 04:47:32 --> Session: Class initialized using 'CodeIgniter\Session\Handlers\FileHandler' driver.
INFO - 2024-11-14 04:48:04 --> Session: Class initialized using 'CodeIgniter\Session\Handlers\FileHandler' driver.
INFO - 2024-11-14 04:48:04 --> Session: Class initialized using 'CodeIgniter\Session\Handlers\FileHandler' driver.
INFO - 2024-11-14 04:48:07 --> Session: Class initialized using 'CodeIgniter\Session\Handlers\FileHandler' driver.
INFO - 2024-11-14 04:48:29 --> Session: Class initialized using 'CodeIgniter\Session\Handlers\FileHandler' driver.
INFO - 2024-11-14 04:48:29 --> Session: Class initialized using 'CodeIgniter\Session\Handlers\FileHandler' driver.
INFO - 2024-11-14 04:48:37 --> Session: Class initialized using 'CodeIgniter\Session\Handlers\FileHandler' driver.
INFO - 2024-11-14 04:50:48 --> Session: Class initialized using 'CodeIgniter\Session\Handlers\FileHandler' driver.
INFO - 2024-11-14 04:51:28 --> Session: Class initialized using 'CodeIgniter\Session\Handlers\FileHandler' driver.
INFO - 2024-11-14 04:51:28 --> Session: Class initialized using 'CodeIgniter\Session\Handlers\FileHandler' driver.
INFO - 2024-11-14 04:51:31 --> Session: Class initialized using 'CodeIgniter\Session\Handlers\FileHandler' driver.
INFO - 2024-11-14 04:52:17 --> Session: Class initialized using 'CodeIgniter\Session\Handlers\FileHandler' driver.
INFO - 2024-11-14 04:52:17 --> Session: Class initialized using 'CodeIgniter\Session\Handlers\FileHandler' driver.
INFO - 2024-11-14 04:52:20 --> Session: Class initialized using 'CodeIgniter\Session\Handlers\FileHandler' driver.
INFO - 2024-11-14 04:52:42 --> Session: Class initialized using 'CodeIgniter\Session\Handlers\FileHandler' driver.
INFO - 2024-11-14 04:52:42 --> Session: Class initialized using 'CodeIgniter\Session\Handlers\FileHandler' driver.
INFO - 2024-11-14 04:55:15 --> Session: Class initialized using 'CodeIgniter\Session\Handlers\FileHandler' driver.
INFO - 2024-11-14 05:14:55 --> Session: Class initialized using 'CodeIgniter\Session\Handlers\FileHandler' driver.
CRITICAL - 2024-11-14 05:15:02 --> ErrorException: Undefined array key "name"
[Method: CLI, Route: send:notification]
in APPPATH/Commands/SendNotification.php on line 73.
 1 APPPATH/Commands/SendNotification.php(73): CodeIgniter\Debug\Exceptions->errorHandler(2, 'Undefined array key "name"', '/home/shivam/www/myCodeIg/app/Commands/SendNotification.php', 73)
 2 SYSTEMPATH/CLI/Commands.php(70): App\Commands\SendNotification->run([])
 3 SYSTEMPATH/CLI/Console.php(48): CodeIgniter\CLI\Commands->run('send:notification', [])
 4 SYSTEMPATH/Boot.php(351): CodeIgniter\CLI\Console->run()
 5 SYSTEMPATH/Boot.php(104): CodeIgniter\Boot::runCommand(Object(CodeIgniter\CLI\Console))
 6 ROOTPATH/spark(84): CodeIgniter\Boot::bootSpark(Object(Config\Paths))
INFO - 2024-11-14 06:47:12 --> Session: Class initialized using 'CodeIgniter\Session\Handlers\FileHandler' driver.
INFO - 2024-11-14 06:47:31 --> Session: Class initialized using 'CodeIgniter\Session\Handlers\FileHandler' driver.
INFO - 2024-11-14 07:02:32 --> Session: Class initialized using 'CodeIgniter\Session\Handlers\FileHandler' driver.
INFO - 2024-11-14 07:19:30 --> Session: Class initialized using 'CodeIgniter\Session\Handlers\FileHandler' driver.
CRITICAL - 2024-11-14 11:34:37 --> ErrorException: require(/home/shivam/www/myCodeIg/system/CodeIgniter.php): Failed to open stream: No such file or directory
[Method: CLI, Route: send:notification]
in APPPATH/Commands/SendNotification.php on line 21.
 1 APPPATH/Commands/SendNotification.php(21): CodeIgniter\Debug\Exceptions->errorHandler(2, 'require(/home/shivam/www/myCodeIg/system/CodeIgniter.php): Failed to open stream: No such file or directory', '/home/shivam/www/myCodeIg/app/Commands/SendNotification.php', 21)
 2 APPPATH/Commands/SendNotification.php(21): require()
 3 VENDORPATH/composer/ClassLoader.php(576): include('/home/shivam/www/myCodeIg/app/Commands/SendNotification.php')
 4 VENDORPATH/composer/ClassLoader.php(427): Composer\Autoload\{closure}('/home/shivam/www/myCodeIg/vendor/composer/../../app/Commands/SendNotification.php')
 5 [internal function]: Composer\Autoload\ClassLoader->loadClass('App\\Commands\\SendNotification')
 6 SYSTEMPATH/Autoloader/FileLocator.php(306): class_exists('App\\Commands\\SendNotification')
 7 SYSTEMPATH/CLI/Commands.php(112): CodeIgniter\Autoloader\FileLocator->findQualifiedNameFromPath('/home/shivam/www/myCodeIg/app/Commands/SendNotification.php')
 8 SYSTEMPATH/CLI/Commands.php(49): CodeIgniter\CLI\Commands->discoverCommands()
 9 SYSTEMPATH/Config/Services.php(178): CodeIgniter\CLI\Commands->__construct()
10 SYSTEMPATH/Config/BaseService.php(312): CodeIgniter\Config\Services::commands(false)
11 SYSTEMPATH/Config/BaseService.php(251): CodeIgniter\Config\BaseService::__callStatic('commands', [...])
12 SYSTEMPATH/Config/Services.php(175): CodeIgniter\Config\BaseService::getSharedInstance('commands')
13 SYSTEMPATH/Config/BaseService.php(321): CodeIgniter\Config\Services::commands()
14 SYSTEMPATH/CLI/Console.php(43): CodeIgniter\Config\BaseService::__callStatic('commands', [])
15 SYSTEMPATH/Boot.php(351): CodeIgniter\CLI\Console->run()
16 SYSTEMPATH/Boot.php(104): CodeIgniter\Boot::runCommand(Object(CodeIgniter\CLI\Console))
17 ROOTPATH/spark(84): CodeIgniter\Boot::bootSpark(Object(Config\Paths))
CRITICAL - 2024-11-14 11:36:33 --> ErrorException: Constant FCPATH already defined
[Method: CLI, Route: send:notification]
in FCPATH/index.php on line 30.
 1 [internal function]: CodeIgniter\Debug\Exceptions->errorHandler(2, 'Constant FCPATH already defined', '/home/shivam/www/myCodeIg/public/index.php', 30)
 2 FCPATH/index.php(30): define('FCPATH', '/home/shivam/www/myCodeIg/public/')
 3 APPPATH/Commands/SendNotification.php(21): require('/home/shivam/www/myCodeIg/public/index.php')
 4 VENDORPATH/composer/ClassLoader.php(576): include('/home/shivam/www/myCodeIg/app/Commands/SendNotification.php')
 5 VENDORPATH/composer/ClassLoader.php(427): Composer\Autoload\{closure}('/home/shivam/www/myCodeIg/vendor/composer/../../app/Commands/SendNotification.php')
 6 [internal function]: Composer\Autoload\ClassLoader->loadClass('App\\Commands\\SendNotification')
 7 SYSTEMPATH/Autoloader/FileLocator.php(306): class_exists('App\\Commands\\SendNotification')
 8 SYSTEMPATH/CLI/Commands.php(112): CodeIgniter\Autoloader\FileLocator->findQualifiedNameFromPath('/home/shivam/www/myCodeIg/app/Commands/SendNotification.php')
 9 SYSTEMPATH/CLI/Commands.php(49): CodeIgniter\CLI\Commands->discoverCommands()
10 SYSTEMPATH/Config/Services.php(178): CodeIgniter\CLI\Commands->__construct()
11 SYSTEMPATH/Config/BaseService.php(312): CodeIgniter\Config\Services::commands(false)
12 SYSTEMPATH/Config/BaseService.php(251): CodeIgniter\Config\BaseService::__callStatic('commands', [...])
13 SYSTEMPATH/Config/Services.php(175): CodeIgniter\Config\BaseService::getSharedInstance('commands')
14 SYSTEMPATH/Config/BaseService.php(321): CodeIgniter\Config\Services::commands()
15 SYSTEMPATH/CLI/Console.php(43): CodeIgniter\Config\BaseService::__callStatic('commands', [])
16 SYSTEMPATH/Boot.php(351): CodeIgniter\CLI\Console->run()
17 SYSTEMPATH/Boot.php(104): CodeIgniter\Boot::runCommand(Object(CodeIgniter\CLI\Console))
18 ROOTPATH/spark(84): CodeIgniter\Boot::bootSpark(Object(Config\Paths))
CRITICAL - 2024-11-14 11:38:35 --> ErrorException: Constant FCPATH already defined
[Method: CLI, Route: send:notification]
in FCPATH/index.php on line 30.
 1 [internal function]: CodeIgniter\Debug\Exceptions->errorHandler(2, 'Constant FCPATH already defined', '/home/shivam/www/myCodeIg/public/index.php', 30)
 2 FCPATH/index.php(30): define('FCPATH', '/home/shivam/www/myCodeIg/public/')
 3 APPPATH/Commands/SendNotification.php(21): require('/home/shivam/www/myCodeIg/public/index.php')
 4 VENDORPATH/composer/ClassLoader.php(576): include('/home/shivam/www/myCodeIg/app/Commands/SendNotification.php')
 5 VENDORPATH/composer/ClassLoader.php(427): Composer\Autoload\{closure}('/home/shivam/www/myCodeIg/vendor/composer/../../app/Commands/SendNotification.php')
 6 [internal function]: Composer\Autoload\ClassLoader->loadClass('App\\Commands\\SendNotification')
 7 SYSTEMPATH/Autoloader/FileLocator.php(306): class_exists('App\\Commands\\SendNotification')
 8 SYSTEMPATH/CLI/Commands.php(112): CodeIgniter\Autoloader\FileLocator->findQualifiedNameFromPath('/home/shivam/www/myCodeIg/app/Commands/SendNotification.php')
 9 SYSTEMPATH/CLI/Commands.php(49): CodeIgniter\CLI\Commands->discoverCommands()
10 SYSTEMPATH/Config/Services.php(178): CodeIgniter\CLI\Commands->__construct()
11 SYSTEMPATH/Config/BaseService.php(312): CodeIgniter\Config\Services::commands(false)
12 SYSTEMPATH/Config/BaseService.php(251): CodeIgniter\Config\BaseService::__callStatic('commands', [...])
13 SYSTEMPATH/Config/Services.php(175): CodeIgniter\Config\BaseService::getSharedInstance('commands')
14 SYSTEMPATH/Config/BaseService.php(321): CodeIgniter\Config\Services::commands()
15 SYSTEMPATH/CLI/Console.php(43): CodeIgniter\Config\BaseService::__callStatic('commands', [])
16 SYSTEMPATH/Boot.php(351): CodeIgniter\CLI\Console->run()
17 SYSTEMPATH/Boot.php(104): CodeIgniter\Boot::runCommand(Object(CodeIgniter\CLI\Console))
18 ROOTPATH/spark(84): CodeIgniter\Boot::bootSpark(Object(Config\Paths))
CRITICAL - 2024-11-14 11:40:35 --> ErrorException: Constant FCPATH already defined
[Method: CLI, Route: send:notification]
in FCPATH/index.php on line 30.
 1 [internal function]: CodeIgniter\Debug\Exceptions->errorHandler(2, 'Constant FCPATH already defined', '/home/shivam/www/myCodeIg/public/index.php', 30)
 2 FCPATH/index.php(30): define('FCPATH', '/home/shivam/www/myCodeIg/public/')
 3 APPPATH/Commands/SendNotification.php(21): require('/home/shivam/www/myCodeIg/public/index.php')
 4 VENDORPATH/composer/ClassLoader.php(576): include('/home/shivam/www/myCodeIg/app/Commands/SendNotification.php')
 5 VENDORPATH/composer/ClassLoader.php(427): Composer\Autoload\{closure}('/home/shivam/www/myCodeIg/vendor/composer/../../app/Commands/SendNotification.php')
 6 [internal function]: Composer\Autoload\ClassLoader->loadClass('App\\Commands\\SendNotification')
 7 SYSTEMPATH/Autoloader/FileLocator.php(306): class_exists('App\\Commands\\SendNotification')
 8 SYSTEMPATH/CLI/Commands.php(112): CodeIgniter\Autoloader\FileLocator->findQualifiedNameFromPath('/home/shivam/www/myCodeIg/app/Commands/SendNotification.php')
 9 SYSTEMPATH/CLI/Commands.php(49): CodeIgniter\CLI\Commands->discoverCommands()
10 SYSTEMPATH/Config/Services.php(178): CodeIgniter\CLI\Commands->__construct()
11 SYSTEMPATH/Config/BaseService.php(312): CodeIgniter\Config\Services::commands(false)
12 SYSTEMPATH/Config/BaseService.php(251): CodeIgniter\Config\BaseService::__callStatic('commands', [...])
13 SYSTEMPATH/Config/Services.php(175): CodeIgniter\Config\BaseService::getSharedInstance('commands')
14 SYSTEMPATH/Config/BaseService.php(321): CodeIgniter\Config\Services::commands()
15 SYSTEMPATH/CLI/Console.php(43): CodeIgniter\Config\BaseService::__callStatic('commands', [])
16 SYSTEMPATH/Boot.php(351): CodeIgniter\CLI\Console->run()
17 SYSTEMPATH/Boot.php(104): CodeIgniter\Boot::runCommand(Object(CodeIgniter\CLI\Console))
18 ROOTPATH/spark(84): CodeIgniter\Boot::bootSpark(Object(Config\Paths))
CRITICAL - 2024-11-14 11:41:11 --> ErrorException: Constant FCPATH already defined
[Method: CLI, Route: send:notification]
in FCPATH/index.php on line 30.
 1 [internal function]: CodeIgniter\Debug\Exceptions->errorHandler(2, 'Constant FCPATH already defined', '/home/shivam/www/myCodeIg/public/index.php', 30)
 2 FCPATH/index.php(30): define('FCPATH', '/home/shivam/www/myCodeIg/public/')
 3 APPPATH/Commands/SendNotification.php(22): require('/home/shivam/www/myCodeIg/public/index.php')
 4 VENDORPATH/composer/ClassLoader.php(576): include('/home/shivam/www/myCodeIg/app/Commands/SendNotification.php')
 5 VENDORPATH/composer/ClassLoader.php(427): Composer\Autoload\{closure}('/home/shivam/www/myCodeIg/vendor/composer/../../app/Commands/SendNotification.php')
 6 [internal function]: Composer\Autoload\ClassLoader->loadClass('App\\Commands\\SendNotification')
 7 SYSTEMPATH/Autoloader/FileLocator.php(306): class_exists('App\\Commands\\SendNotification')
 8 SYSTEMPATH/CLI/Commands.php(112): CodeIgniter\Autoloader\FileLocator->findQualifiedNameFromPath('/home/shivam/www/myCodeIg/app/Commands/SendNotification.php')
 9 SYSTEMPATH/CLI/Commands.php(49): CodeIgniter\CLI\Commands->discoverCommands()
10 SYSTEMPATH/Config/Services.php(178): CodeIgniter\CLI\Commands->__construct()
11 SYSTEMPATH/Config/BaseService.php(312): CodeIgniter\Config\Services::commands(false)
12 SYSTEMPATH/Config/BaseService.php(251): CodeIgniter\Config\BaseService::__callStatic('commands', [...])
13 SYSTEMPATH/Config/Services.php(175): CodeIgniter\Config\BaseService::getSharedInstance('commands')
14 SYSTEMPATH/Config/BaseService.php(321): CodeIgniter\Config\Services::commands()
15 SYSTEMPATH/CLI/Console.php(43): CodeIgniter\Config\BaseService::__callStatic('commands', [])
16 SYSTEMPATH/Boot.php(351): CodeIgniter\CLI\Console->run()
17 SYSTEMPATH/Boot.php(104): CodeIgniter\Boot::runCommand(Object(CodeIgniter\CLI\Console))
18 ROOTPATH/spark(84): CodeIgniter\Boot::bootSpark(Object(Config\Paths))
CRITICAL - 2024-11-14 11:42:35 --> ErrorException: Constant FCPATH already defined
[Method: CLI, Route: send:notification]
in FCPATH/index.php on line 30.
 1 [internal function]: CodeIgniter\Debug\Exceptions->errorHandler(2, 'Constant FCPATH already defined', '/home/shivam/www/myCodeIg/public/index.php', 30)
 2 FCPATH/index.php(30): define('FCPATH', '/home/shivam/www/myCodeIg/public/')
 3 APPPATH/Commands/SendNotification.php(22): require('/home/shivam/www/myCodeIg/public/index.php')
 4 VENDORPATH/composer/ClassLoader.php(576): include('/home/shivam/www/myCodeIg/app/Commands/SendNotification.php')
 5 VENDORPATH/composer/ClassLoader.php(427): Composer\Autoload\{closure}('/home/shivam/www/myCodeIg/vendor/composer/../../app/Commands/SendNotification.php')
 6 [internal function]: Composer\Autoload\ClassLoader->loadClass('App\\Commands\\SendNotification')
 7 SYSTEMPATH/Autoloader/FileLocator.php(306): class_exists('App\\Commands\\SendNotification')
 8 SYSTEMPATH/CLI/Commands.php(112): CodeIgniter\Autoloader\FileLocator->findQualifiedNameFromPath('/home/shivam/www/myCodeIg/app/Commands/SendNotification.php')
 9 SYSTEMPATH/CLI/Commands.php(49): CodeIgniter\CLI\Commands->discoverCommands()
10 SYSTEMPATH/Config/Services.php(178): CodeIgniter\CLI\Commands->__construct()
11 SYSTEMPATH/Config/BaseService.php(312): CodeIgniter\Config\Services::commands(false)
12 SYSTEMPATH/Config/BaseService.php(251): CodeIgniter\Config\BaseService::__callStatic('commands', [...])
13 SYSTEMPATH/Config/Services.php(175): CodeIgniter\Config\BaseService::getSharedInstance('commands')
14 SYSTEMPATH/Config/BaseService.php(321): CodeIgniter\Config\Services::commands()
15 SYSTEMPATH/CLI/Console.php(43): CodeIgniter\Config\BaseService::__callStatic('commands', [])
16 SYSTEMPATH/Boot.php(351): CodeIgniter\CLI\Console->run()
17 SYSTEMPATH/Boot.php(104): CodeIgniter\Boot::runCommand(Object(CodeIgniter\CLI\Console))
18 ROOTPATH/spark(84): CodeIgniter\Boot::bootSpark(Object(Config\Paths))
CRITICAL - 2024-11-14 11:59:05 --> ErrorException: Undefined variable $frameworkPath
[Method: CLI, Route: send:notification]
in APPPATH/Commands/SendNotification.php on line 7.
 1 APPPATH/Commands/SendNotification.php(7): CodeIgniter\Debug\Exceptions->errorHandler(2, 'Undefined variable $frameworkPath', '/home/shivam/www/myCodeIg/app/Commands/SendNotification.php', 7)
 2 VENDORPATH/composer/ClassLoader.php(576): include('/home/shivam/www/myCodeIg/app/Commands/SendNotification.php')
 3 VENDORPATH/composer/ClassLoader.php(427): Composer\Autoload\{closure}('/home/shivam/www/myCodeIg/vendor/composer/../../app/Commands/SendNotification.php')
 4 [internal function]: Composer\Autoload\ClassLoader->loadClass('App\\Commands\\SendNotification')
 5 SYSTEMPATH/Autoloader/FileLocator.php(306): class_exists('App\\Commands\\SendNotification')
 6 SYSTEMPATH/CLI/Commands.php(112): CodeIgniter\Autoloader\FileLocator->findQualifiedNameFromPath('/home/shivam/www/myCodeIg/app/Commands/SendNotification.php')
 7 SYSTEMPATH/CLI/Commands.php(49): CodeIgniter\CLI\Commands->discoverCommands()
 8 SYSTEMPATH/Config/Services.php(178): CodeIgniter\CLI\Commands->__construct()
 9 SYSTEMPATH/Config/BaseService.php(312): CodeIgniter\Config\Services::commands(false)
10 SYSTEMPATH/Config/BaseService.php(251): CodeIgniter\Config\BaseService::__callStatic('commands', [...])
11 SYSTEMPATH/Config/Services.php(175): CodeIgniter\Config\BaseService::getSharedInstance('commands')
12 SYSTEMPATH/Config/BaseService.php(321): CodeIgniter\Config\Services::commands()
13 SYSTEMPATH/CLI/Console.php(43): CodeIgniter\Config\BaseService::__callStatic('commands', [])
14 SYSTEMPATH/Boot.php(351): CodeIgniter\CLI\Console->run()
15 SYSTEMPATH/Boot.php(104): CodeIgniter\Boot::runCommand(Object(CodeIgniter\CLI\Console))
16 ROOTPATH/spark(84): CodeIgniter\Boot::bootSpark(Object(Config\Paths))
